<?xml version="1.0" encoding="UTF-8"?>
<testsuite xmlns:xsi="http://www.w3.org/2001/XMLSchema-instance" xsi:noNamespaceSchemaLocation="https://maven.apache.org/surefire/maven-surefire-plugin/xsd/surefire-test-report-3.0.xsd" version="3.0" name="example.micronaut.FruitValidationControllerTest" time="0.641" tests="1" errors="0" skipped="0" failures="0">
  <properties>
    <property name="java.specification.version" value="17"/>
    <property name="sun.cpu.isalist" value="amd64"/>
    <property name="sun.jnu.encoding" value="Cp1252"/>
    <property name="java.class.path" value="D:\micronaut-data-mongodb-synchronous-maven-java-pagination\target\test-classes;D:\micronaut-data-mongodb-synchronous-maven-java-pagination\target\classes;C:\Users\Dell\.m2\repository\io\micronaut\micronaut-http-server-netty\4.2.3\micronaut-http-server-netty-4.2.3.jar;C:\Users\Dell\.m2\repository\org\slf4j\slf4j-api\2.0.9\slf4j-api-2.0.9.jar;C:\Users\Dell\.m2\repository\io\micronaut\micronaut-http-server\4.2.3\micronaut-http-server-4.2.3.jar;C:\Users\Dell\.m2\repository\io\micronaut\micronaut-http\4.2.3\micronaut-http-4.2.3.jar;C:\Users\Dell\.m2\repository\io\micronaut\micronaut-router\4.2.3\micronaut-router-4.2.3.jar;C:\Users\Dell\.m2\repository\io\micronaut\micronaut-core\4.2.3\micronaut-core-4.2.3.jar;C:\Users\Dell\.m2\repository\io\micronaut\micronaut-http-netty\4.2.3\micronaut-http-netty-4.2.3.jar;C:\Users\Dell\.m2\repository\io\micronaut\micronaut-buffer-netty\4.2.3\micronaut-buffer-netty-4.2.3.jar;C:\Users\Dell\.m2\repository\io\netty\netty-codec-http2\4.1.104.Final\netty-codec-http2-4.1.104.Final.jar;C:\Users\Dell\.m2\repository\io\netty\netty-handler\4.1.104.Final\netty-handler-4.1.104.Final.jar;C:\Users\Dell\.m2\repository\io\netty\netty-resolver\4.1.104.Final\netty-resolver-4.1.104.Final.jar;C:\Users\Dell\.m2\repository\io\netty\netty-transport-native-unix-common\4.1.104.Final\netty-transport-native-unix-common-4.1.104.Final.jar;C:\Users\Dell\.m2\repository\io\netty\netty-codec-http\4.1.104.Final\netty-codec-http-4.1.104.Final.jar;C:\Users\Dell\.m2\repository\io\netty\netty-common\4.1.104.Final\netty-common-4.1.104.Final.jar;C:\Users\Dell\.m2\repository\io\netty\netty-buffer\4.1.104.Final\netty-buffer-4.1.104.Final.jar;C:\Users\Dell\.m2\repository\io\netty\netty-transport\4.1.104.Final\netty-transport-4.1.104.Final.jar;C:\Users\Dell\.m2\repository\io\netty\netty-codec\4.1.104.Final\netty-codec-4.1.104.Final.jar;C:\Users\Dell\.m2\repository\io\projectreactor\reactor-core\3.5.11\reactor-core-3.5.11.jar;C:\Users\Dell\.m2\repository\org\reactivestreams\reactive-streams\1.0.4\reactive-streams-1.0.4.jar;C:\Users\Dell\.m2\repository\io\micronaut\data\micronaut-data-mongodb\4.3.1\micronaut-data-mongodb-4.3.1.jar;C:\Users\Dell\.m2\repository\io\micronaut\micronaut-inject\4.2.3\micronaut-inject-4.2.3.jar;C:\Users\Dell\.m2\repository\jakarta\inject\jakarta.inject-api\2.0.1\jakarta.inject-api-2.0.1.jar;C:\Users\Dell\.m2\repository\jakarta\annotation\jakarta.annotation-api\2.1.1\jakarta.annotation-api-2.1.1.jar;C:\Users\Dell\.m2\repository\io\micronaut\data\micronaut-data-runtime\4.3.1\micronaut-data-runtime-4.3.1.jar;C:\Users\Dell\.m2\repository\io\micronaut\data\micronaut-data-model\4.3.1\micronaut-data-model-4.3.1.jar;C:\Users\Dell\.m2\repository\io\micronaut\data\micronaut-data-tx\4.3.1\micronaut-data-tx-4.3.1.jar;C:\Users\Dell\.m2\repository\jakarta\transaction\jakarta.transaction-api\2.0.1\jakarta.transaction-api-2.0.1.jar;C:\Users\Dell\.m2\repository\io\micronaut\data\micronaut-data-document-model\4.3.1\micronaut-data-document-model-4.3.1.jar;C:\Users\Dell\.m2\repository\io\micronaut\micronaut-aop\4.2.3\micronaut-aop-4.2.3.jar;C:\Users\Dell\.m2\repository\io\micronaut\data\micronaut-data-connection\4.3.1\micronaut-data-connection-4.3.1.jar;C:\Users\Dell\.m2\repository\io\micronaut\micronaut-context-propagation\4.2.3\micronaut-context-propagation-4.2.3.jar;C:\Users\Dell\.m2\repository\io\micronaut\micronaut-core-reactive\4.2.3\micronaut-core-reactive-4.2.3.jar;C:\Users\Dell\.m2\repository\io\micronaut\serde\micronaut-serde-bson\2.4.0\micronaut-serde-bson-2.4.0.jar;C:\Users\Dell\.m2\repository\io\micronaut\serde\micronaut-serde-support\2.4.0\micronaut-serde-support-2.4.0.jar;C:\Users\Dell\.m2\repository\io\micronaut\mongodb\micronaut-mongo-reactive\5.1.0\micronaut-mongo-reactive-5.1.0.jar;C:\Users\Dell\.m2\repository\io\micronaut\mongodb\micronaut-mongo-core\5.1.0\micronaut-mongo-core-5.1.0.jar;C:\Users\Dell\.m2\repository\io\micronaut\validation\micronaut-validation\4.2.0\micronaut-validation-4.2.0.jar;C:\Users\Dell\.m2\repository\jakarta\validation\jakarta.validation-api\3.0.2\jakarta.validation-api-3.0.2.jar;C:\Users\Dell\.m2\repository\io\micronaut\reactor\micronaut-reactor\3.1.0\micronaut-reactor-3.1.0.jar;C:\Users\Dell\.m2\repository\io\micronaut\mongodb\micronaut-mongo-sync\5.1.0\micronaut-mongo-sync-5.1.0.jar;C:\Users\Dell\.m2\repository\io\micronaut\serde\micronaut-serde-jackson\2.4.0\micronaut-serde-jackson-2.4.0.jar;C:\Users\Dell\.m2\repository\io\micronaut\micronaut-jackson-core\4.2.3\micronaut-jackson-core-4.2.3.jar;C:\Users\Dell\.m2\repository\com\fasterxml\jackson\core\jackson-core\2.15.3\jackson-core-2.15.3.jar;C:\Users\Dell\.m2\repository\com\fasterxml\jackson\core\jackson-annotations\2.15.3\jackson-annotations-2.15.3.jar;C:\Users\Dell\.m2\repository\io\micronaut\micronaut-context\4.2.3\micronaut-context-4.2.3.jar;C:\Users\Dell\.m2\repository\io\micronaut\serde\micronaut-serde-api\2.4.0\micronaut-serde-api-2.4.0.jar;C:\Users\Dell\.m2\repository\ch\qos\logback\logback-classic\1.4.13\logback-classic-1.4.13.jar;C:\Users\Dell\.m2\repository\ch\qos\logback\logback-core\1.4.13\logback-core-1.4.13.jar;C:\Users\Dell\.m2\repository\org\mongodb\mongodb-driver-sync\4.11.0\mongodb-driver-sync-4.11.0.jar;C:\Users\Dell\.m2\repository\org\mongodb\bson\4.10.2\bson-4.10.2.jar;C:\Users\Dell\.m2\repository\org\mongodb\mongodb-driver-core\4.11.0\mongodb-driver-core-4.11.0.jar;C:\Users\Dell\.m2\repository\org\mongodb\bson-record-codec\4.11.0\bson-record-codec-4.11.0.jar;C:\Users\Dell\.m2\repository\io\micronaut\testresources\micronaut-test-resources-client\2.2.0\micronaut-test-resources-client-2.2.0.jar;C:\Users\Dell\.m2\repository\io\micronaut\micronaut-json-core\4.2.3\micronaut-json-core-4.2.3.jar;C:\Users\Dell\.m2\repository\io\micronaut\testresources\micronaut-test-resources-core\2.2.0\micronaut-test-resources-core-2.2.0.jar;C:\Users\Dell\.m2\repository\io\micronaut\micronaut-http-client\4.2.3\micronaut-http-client-4.2.3.jar;C:\Users\Dell\.m2\repository\io\micronaut\micronaut-http-client-core\4.2.3\micronaut-http-client-core-4.2.3.jar;C:\Users\Dell\.m2\repository\io\micronaut\micronaut-discovery-core\4.2.3\micronaut-discovery-core-4.2.3.jar;C:\Users\Dell\.m2\repository\io\micronaut\micronaut-websocket\4.2.3\micronaut-websocket-4.2.3.jar;C:\Users\Dell\.m2\repository\io\netty\netty-handler-proxy\4.1.104.Final\netty-handler-proxy-4.1.104.Final.jar;C:\Users\Dell\.m2\repository\io\netty\netty-codec-socks\4.1.104.Final\netty-codec-socks-4.1.104.Final.jar;C:\Users\Dell\.m2\repository\io\micronaut\test\micronaut-test-junit5\4.1.1\micronaut-test-junit5-4.1.1.jar;C:\Users\Dell\.m2\repository\io\micronaut\test\micronaut-test-core\4.1.1\micronaut-test-core-4.1.1.jar;C:\Users\Dell\.m2\repository\org\junit\jupiter\junit-jupiter-api\5.10.1\junit-jupiter-api-5.10.1.jar;C:\Users\Dell\.m2\repository\org\opentest4j\opentest4j\1.3.0\opentest4j-1.3.0.jar;C:\Users\Dell\.m2\repository\org\junit\platform\junit-platform-commons\1.10.1\junit-platform-commons-1.10.1.jar;C:\Users\Dell\.m2\repository\org\apiguardian\apiguardian-api\1.1.2\apiguardian-api-1.1.2.jar;C:\Users\Dell\.m2\repository\org\junit\jupiter\junit-jupiter-engine\5.10.1\junit-jupiter-engine-5.10.1.jar;C:\Users\Dell\.m2\repository\org\junit\platform\junit-platform-engine\1.10.1\junit-platform-engine-1.10.1.jar;"/>
    <property name="java.vm.vendor" value="Oracle Corporation"/>
    <property name="sun.arch.data.model" value="64"/>
    <property name="user.variant" value=""/>
    <property name="java.vendor.url" value="https://java.oracle.com/"/>
    <property name="user.timezone" value="Europe/London"/>
    <property name="os.name" value="Windows 10"/>
    <property name="java.vm.specification.version" value="17"/>
    <property name="sun.java.launcher" value="SUN_STANDARD"/>
    <property name="user.country" value="US"/>
    <property name="sun.boot.library.path" value="C:\Program Files\Java\jdk-17\bin"/>
    <property name="sun.java.command" value="C:\Users\Dell\AppData\Local\Temp\surefire9975282484604738234\surefirebooter-20240124210016638_3.jar C:\Users\Dell\AppData\Local\Temp\surefire9975282484604738234 2024-01-24T21-00-16_375-jvmRun1 surefire-20240124210016638_1tmp surefire_0-20240124210016638_2tmp"/>
    <property name="jdk.debug" value="release"/>
    <property name="surefire.test.class.path" value="D:\micronaut-data-mongodb-synchronous-maven-java-pagination\target\test-classes;D:\micronaut-data-mongodb-synchronous-maven-java-pagination\target\classes;C:\Users\Dell\.m2\repository\io\micronaut\micronaut-http-server-netty\4.2.3\micronaut-http-server-netty-4.2.3.jar;C:\Users\Dell\.m2\repository\org\slf4j\slf4j-api\2.0.9\slf4j-api-2.0.9.jar;C:\Users\Dell\.m2\repository\io\micronaut\micronaut-http-server\4.2.3\micronaut-http-server-4.2.3.jar;C:\Users\Dell\.m2\repository\io\micronaut\micronaut-http\4.2.3\micronaut-http-4.2.3.jar;C:\Users\Dell\.m2\repository\io\micronaut\micronaut-router\4.2.3\micronaut-router-4.2.3.jar;C:\Users\Dell\.m2\repository\io\micronaut\micronaut-core\4.2.3\micronaut-core-4.2.3.jar;C:\Users\Dell\.m2\repository\io\micronaut\micronaut-http-netty\4.2.3\micronaut-http-netty-4.2.3.jar;C:\Users\Dell\.m2\repository\io\micronaut\micronaut-buffer-netty\4.2.3\micronaut-buffer-netty-4.2.3.jar;C:\Users\Dell\.m2\repository\io\netty\netty-codec-http2\4.1.104.Final\netty-codec-http2-4.1.104.Final.jar;C:\Users\Dell\.m2\repository\io\netty\netty-handler\4.1.104.Final\netty-handler-4.1.104.Final.jar;C:\Users\Dell\.m2\repository\io\netty\netty-resolver\4.1.104.Final\netty-resolver-4.1.104.Final.jar;C:\Users\Dell\.m2\repository\io\netty\netty-transport-native-unix-common\4.1.104.Final\netty-transport-native-unix-common-4.1.104.Final.jar;C:\Users\Dell\.m2\repository\io\netty\netty-codec-http\4.1.104.Final\netty-codec-http-4.1.104.Final.jar;C:\Users\Dell\.m2\repository\io\netty\netty-common\4.1.104.Final\netty-common-4.1.104.Final.jar;C:\Users\Dell\.m2\repository\io\netty\netty-buffer\4.1.104.Final\netty-buffer-4.1.104.Final.jar;C:\Users\Dell\.m2\repository\io\netty\netty-transport\4.1.104.Final\netty-transport-4.1.104.Final.jar;C:\Users\Dell\.m2\repository\io\netty\netty-codec\4.1.104.Final\netty-codec-4.1.104.Final.jar;C:\Users\Dell\.m2\repository\io\projectreactor\reactor-core\3.5.11\reactor-core-3.5.11.jar;C:\Users\Dell\.m2\repository\org\reactivestreams\reactive-streams\1.0.4\reactive-streams-1.0.4.jar;C:\Users\Dell\.m2\repository\io\micronaut\data\micronaut-data-mongodb\4.3.1\micronaut-data-mongodb-4.3.1.jar;C:\Users\Dell\.m2\repository\io\micronaut\micronaut-inject\4.2.3\micronaut-inject-4.2.3.jar;C:\Users\Dell\.m2\repository\jakarta\inject\jakarta.inject-api\2.0.1\jakarta.inject-api-2.0.1.jar;C:\Users\Dell\.m2\repository\jakarta\annotation\jakarta.annotation-api\2.1.1\jakarta.annotation-api-2.1.1.jar;C:\Users\Dell\.m2\repository\io\micronaut\data\micronaut-data-runtime\4.3.1\micronaut-data-runtime-4.3.1.jar;C:\Users\Dell\.m2\repository\io\micronaut\data\micronaut-data-model\4.3.1\micronaut-data-model-4.3.1.jar;C:\Users\Dell\.m2\repository\io\micronaut\data\micronaut-data-tx\4.3.1\micronaut-data-tx-4.3.1.jar;C:\Users\Dell\.m2\repository\jakarta\transaction\jakarta.transaction-api\2.0.1\jakarta.transaction-api-2.0.1.jar;C:\Users\Dell\.m2\repository\io\micronaut\data\micronaut-data-document-model\4.3.1\micronaut-data-document-model-4.3.1.jar;C:\Users\Dell\.m2\repository\io\micronaut\micronaut-aop\4.2.3\micronaut-aop-4.2.3.jar;C:\Users\Dell\.m2\repository\io\micronaut\data\micronaut-data-connection\4.3.1\micronaut-data-connection-4.3.1.jar;C:\Users\Dell\.m2\repository\io\micronaut\micronaut-context-propagation\4.2.3\micronaut-context-propagation-4.2.3.jar;C:\Users\Dell\.m2\repository\io\micronaut\micronaut-core-reactive\4.2.3\micronaut-core-reactive-4.2.3.jar;C:\Users\Dell\.m2\repository\io\micronaut\serde\micronaut-serde-bson\2.4.0\micronaut-serde-bson-2.4.0.jar;C:\Users\Dell\.m2\repository\io\micronaut\serde\micronaut-serde-support\2.4.0\micronaut-serde-support-2.4.0.jar;C:\Users\Dell\.m2\repository\io\micronaut\mongodb\micronaut-mongo-reactive\5.1.0\micronaut-mongo-reactive-5.1.0.jar;C:\Users\Dell\.m2\repository\io\micronaut\mongodb\micronaut-mongo-core\5.1.0\micronaut-mongo-core-5.1.0.jar;C:\Users\Dell\.m2\repository\io\micronaut\validation\micronaut-validation\4.2.0\micronaut-validation-4.2.0.jar;C:\Users\Dell\.m2\repository\jakarta\validation\jakarta.validation-api\3.0.2\jakarta.validation-api-3.0.2.jar;C:\Users\Dell\.m2\repository\io\micronaut\reactor\micronaut-reactor\3.1.0\micronaut-reactor-3.1.0.jar;C:\Users\Dell\.m2\repository\io\micronaut\mongodb\micronaut-mongo-sync\5.1.0\micronaut-mongo-sync-5.1.0.jar;C:\Users\Dell\.m2\repository\io\micronaut\serde\micronaut-serde-jackson\2.4.0\micronaut-serde-jackson-2.4.0.jar;C:\Users\Dell\.m2\repository\io\micronaut\micronaut-jackson-core\4.2.3\micronaut-jackson-core-4.2.3.jar;C:\Users\Dell\.m2\repository\com\fasterxml\jackson\core\jackson-core\2.15.3\jackson-core-2.15.3.jar;C:\Users\Dell\.m2\repository\com\fasterxml\jackson\core\jackson-annotations\2.15.3\jackson-annotations-2.15.3.jar;C:\Users\Dell\.m2\repository\io\micronaut\micronaut-context\4.2.3\micronaut-context-4.2.3.jar;C:\Users\Dell\.m2\repository\io\micronaut\serde\micronaut-serde-api\2.4.0\micronaut-serde-api-2.4.0.jar;C:\Users\Dell\.m2\repository\ch\qos\logback\logback-classic\1.4.13\logback-classic-1.4.13.jar;C:\Users\Dell\.m2\repository\ch\qos\logback\logback-core\1.4.13\logback-core-1.4.13.jar;C:\Users\Dell\.m2\repository\org\mongodb\mongodb-driver-sync\4.11.0\mongodb-driver-sync-4.11.0.jar;C:\Users\Dell\.m2\repository\org\mongodb\bson\4.10.2\bson-4.10.2.jar;C:\Users\Dell\.m2\repository\org\mongodb\mongodb-driver-core\4.11.0\mongodb-driver-core-4.11.0.jar;C:\Users\Dell\.m2\repository\org\mongodb\bson-record-codec\4.11.0\bson-record-codec-4.11.0.jar;C:\Users\Dell\.m2\repository\io\micronaut\testresources\micronaut-test-resources-client\2.2.0\micronaut-test-resources-client-2.2.0.jar;C:\Users\Dell\.m2\repository\io\micronaut\micronaut-json-core\4.2.3\micronaut-json-core-4.2.3.jar;C:\Users\Dell\.m2\repository\io\micronaut\testresources\micronaut-test-resources-core\2.2.0\micronaut-test-resources-core-2.2.0.jar;C:\Users\Dell\.m2\repository\io\micronaut\micronaut-http-client\4.2.3\micronaut-http-client-4.2.3.jar;C:\Users\Dell\.m2\repository\io\micronaut\micronaut-http-client-core\4.2.3\micronaut-http-client-core-4.2.3.jar;C:\Users\Dell\.m2\repository\io\micronaut\micronaut-discovery-core\4.2.3\micronaut-discovery-core-4.2.3.jar;C:\Users\Dell\.m2\repository\io\micronaut\micronaut-websocket\4.2.3\micronaut-websocket-4.2.3.jar;C:\Users\Dell\.m2\repository\io\netty\netty-handler-proxy\4.1.104.Final\netty-handler-proxy-4.1.104.Final.jar;C:\Users\Dell\.m2\repository\io\netty\netty-codec-socks\4.1.104.Final\netty-codec-socks-4.1.104.Final.jar;C:\Users\Dell\.m2\repository\io\micronaut\test\micronaut-test-junit5\4.1.1\micronaut-test-junit5-4.1.1.jar;C:\Users\Dell\.m2\repository\io\micronaut\test\micronaut-test-core\4.1.1\micronaut-test-core-4.1.1.jar;C:\Users\Dell\.m2\repository\org\junit\jupiter\junit-jupiter-api\5.10.1\junit-jupiter-api-5.10.1.jar;C:\Users\Dell\.m2\repository\org\opentest4j\opentest4j\1.3.0\opentest4j-1.3.0.jar;C:\Users\Dell\.m2\repository\org\junit\platform\junit-platform-commons\1.10.1\junit-platform-commons-1.10.1.jar;C:\Users\Dell\.m2\repository\org\apiguardian\apiguardian-api\1.1.2\apiguardian-api-1.1.2.jar;C:\Users\Dell\.m2\repository\org\junit\jupiter\junit-jupiter-engine\5.10.1\junit-jupiter-engine-5.10.1.jar;C:\Users\Dell\.m2\repository\org\junit\platform\junit-platform-engine\1.10.1\junit-platform-engine-1.10.1.jar;"/>
    <property name="sun.cpu.endian" value="little"/>
    <property name="user.home" value="C:\Users\Dell"/>
    <property name="user.language" value="en"/>
    <property name="java.specification.vendor" value="Oracle Corporation"/>
    <property name="io.netty.allocator.maxOrder" value="3"/>
    <property name="java.version.date" value="2024-01-16"/>
    <property name="java.home" value="C:\Program Files\Java\jdk-17"/>
    <property name="file.separator" value="\"/>
    <property name="basedir" value="D:\micronaut-data-mongodb-synchronous-maven-java-pagination"/>
    <property name="java.vm.compressedOopsMode" value="32-bit"/>
    <property name="line.separator" value="&#10;"/>
    <property name="java.vm.specification.vendor" value="Oracle Corporation"/>
    <property name="java.specification.name" value="Java Platform API Specification"/>
    <property name="surefire.real.class.path" value="C:\Users\Dell\AppData\Local\Temp\surefire9975282484604738234\surefirebooter-20240124210016638_3.jar"/>
    <property name="user.script" value=""/>
    <property name="sun.management.compiler" value="HotSpot 64-Bit Tiered Compilers"/>
    <property name="java.runtime.version" value="17.0.10+11-LTS-240"/>
    <property name="user.name" value="Dell"/>
    <property name="path.separator" value=";"/>
    <property name="os.version" value="10.0"/>
    <property name="java.runtime.name" value="Java(TM) SE Runtime Environment"/>
    <property name="file.encoding" value="Cp1252"/>
    <property name="java.vm.name" value="Java HotSpot(TM) 64-Bit Server VM"/>
    <property name="localRepository" value="C:\Users\Dell\.m2\repository"/>
    <property name="micronaut.classloader.logging" value="true"/>
    <property name="java.vendor.url.bug" value="https://bugreport.java.com/bugreport/"/>
    <property name="java.io.tmpdir" value="C:\Users\Dell\AppData\Local\Temp\"/>
    <property name="idea.version" value="2022.2"/>
    <property name="java.version" value="17.0.10"/>
    <property name="user.dir" value="D:\micronaut-data-mongodb-synchronous-maven-java-pagination"/>
    <property name="os.arch" value="amd64"/>
    <property name="java.vm.specification.name" value="Java Virtual Machine Specification"/>
    <property name="sun.os.patch.level" value=""/>
    <property name="native.encoding" value="Cp1252"/>
    <property name="java.library.path" value="C:\Program Files\Java\jdk-17\bin;C:\WINDOWS\Sun\Java\bin;C:\WINDOWS\system32;C:\WINDOWS;C:\Program Files\Common Files\Oracle\Java\javapath;C:\Program Files (x86)\Common Files\Oracle\Java\javapath;C:\WINDOWS\system32;C:\WINDOWS;C:\WINDOWS\System32\Wbem;C:\WINDOWS\System32\WindowsPowerShell\v1.0\;C:\WINDOWS\System32\OpenSSH\;C:\Program Files\Git\cmd;C:\Program Files\nodejs\;C:\Users\Dell\Downloads\apache-maven-3.8.5-bin\apache-maven-3.8.5\bin;C:\Program Files\Java\jdk1.8.0_201\bin;C:\Users\Dell\AppData\Local\Microsoft\WindowsApps;;C:\Users\Dell\AppData\Local\Programs\Microsoft VS Code\bin;C:\Users\Dell\AppData\Roaming\npm;."/>
    <property name="java.vm.info" value="mixed mode, sharing"/>
    <property name="java.vendor" value="Oracle Corporation"/>
    <property name="java.vm.version" value="17.0.10+11-LTS-240"/>
    <property name="sun.io.unicode.encoding" value="UnicodeLittle"/>
    <property name="java.class.version" value="61.0"/>
  </properties>
  <testcase name="fruitIsValidated" classname="example.micronaut.FruitValidationControllerTest" time="0.211">
    <system-out><![CDATA[&amp#27;[36m21:00:28.342&amp#27;[0;39m &amp#27;[1;30m[main]&amp#27;[0;39m &amp#27;[34mINFO &amp#27;[0;39m &amp#27;[35mi.m.c.DefaultApplicationContext$RuntimeConfiguredEnvironment&amp#27;[0;39m - Established active environments: [test]
&amp#27;[36m21:00:28.454&amp#27;[0;39m &amp#27;[1;30m[main]&amp#27;[0;39m &amp#27;[34mINFO &amp#27;[0;39m &amp#27;[35morg.mongodb.driver.client&amp#27;[0;39m - MongoClient with metadata {"application": {"name": "default"}, "driver": {"name": "mongo-java-driver|sync", "version": "4.11.0"}, "os": {"type": "Windows", "name": "Windows 10", "architecture": "amd64", "version": "10.0"}, "platform": "Java/Oracle Corporation/17.0.10+11-LTS-240"} created with settings MongoClientSettings{readPreference=primary, writeConcern=WriteConcern{w=null, wTimeout=null ms, journal=null}, retryWrites=true, retryReads=true, readConcern=ReadConcern{level=null}, credential=null, transportSettings=null, streamFactoryFactory=null, commandListeners=[], codecRegistry=ProvidersCodecRegistry{codecProviders=[io.micronaut.data.mongodb.serde.DataCodecRegistry@1084ac45, ProvidersCodecRegistry{codecProviders=[ValueCodecProvider{}, BsonValueCodecProvider{}, DBRefCodecProvider{}, DBObjectCodecProvider{}, DocumentCodecProvider{}, CollectionCodecProvider{}, IterableCodecProvider{}, MapCodecProvider{}, GeoJsonCodecProvider{}, GridFSFileCodecProvider{}, Jsr310CodecProvider{}, JsonObjectCodecProvider{}, BsonCodecProvider{}, EnumCodecProvider{}, com.mongodb.client.model.mql.ExpressionCodecProvider@3506d826, com.mongodb.Jep395RecordCodecProvider@35dd9ed3, com.mongodb.KotlinCodecProvider@8ff5094]}, ProvidersCodecRegistry{codecProviders=[MapOfCodecsProvider{codecsMap={}}]}]}, loggerSettings=LoggerSettings{maxDocumentLength=1000}, clusterSettings={hosts=[localhost:27017], srvServiceName=mongodb, mode=SINGLE, requiredClusterType=UNKNOWN, requiredReplicaSetName='null', serverSelector='null', clusterListeners='[]', serverSelectionTimeout='30000 ms', localThreshold='15 ms'}, socketSettings=SocketSettings{connectTimeoutMS=10000, readTimeoutMS=0, receiveBufferSize=0, proxySettings=ProxySettings{host=null, port=null, username=null, password=null}}, heartbeatSocketSettings=SocketSettings{connectTimeoutMS=10000, readTimeoutMS=10000, receiveBufferSize=0, proxySettings=ProxySettings{host=null, port=null, username=null, password=null}}, connectionPoolSettings=ConnectionPoolSettings{maxSize=100, minSize=0, maxWaitTimeMS=120000, maxConnectionLifeTimeMS=0, maxConnectionIdleTimeMS=0, maintenanceInitialDelayMS=0, maintenanceFrequencyMS=60000, connectionPoolListeners=[], maxConnecting=2}, serverSettings=ServerSettings{heartbeatFrequencyMS=10000, minHeartbeatFrequencyMS=500, serverListeners='[]', serverMonitorListeners='[]'}, sslSettings=SslSettings{enabled=false, invalidHostNameAllowed=false, context=null}, applicationName='default', compressorList=[], uuidRepresentation=UNSPECIFIED, serverApi=null, autoEncryptionSettings=null, dnsClient=null, inetAddressResolver=null, contextProvider=null}
&amp#27;[36m21:00:28.463&amp#27;[0;39m &amp#27;[1;30m[cluster-ClusterId{value='65b17a6c3c1beb738703e6fe', description='default'}-localhost:27017]&amp#27;[0;39m &amp#27;[34mINFO &amp#27;[0;39m &amp#27;[35morg.mongodb.driver.cluster&amp#27;[0;39m - Monitor thread successfully connected to server with description ServerDescription{address=localhost:27017, type=STANDALONE, state=CONNECTED, ok=true, minWireVersion=0, maxWireVersion=17, maxDocumentSize=16777216, logicalSessionTimeoutMinutes=30, roundTripTimeNanos=6330000}
]]></system-out>
  </testcase>
</testsuite>